<?xml version="1.0" encoding="UTF-8"?>
<testng-results skipped="0" failed="1" ignored="0" total="1" passed="0">
  <reporter-output>
    <line>
      <![CDATA[Chrome Browser Launched]]>
    </line>
    <line>
      <![CDATA[Url loaded]]>
    </line>
  </reporter-output>
  <suite name="Suite" duration-ms="17459" started-at="2018-12-09T06:47:34Z" finished-at="2018-12-09T06:47:52Z">
    <groups>
    </groups>
    <test name="Test" duration-ms="17459" started-at="2018-12-09T06:47:34Z" finished-at="2018-12-09T06:47:52Z">
      <class name="com.testscripts.TC_4">
        <test-method status="PASS" signature="lauchingBrowser(java.lang.String)[pri:0, instance:com.testscripts.TC_4@1e2adc7]" name="lauchingBrowser" is-config="true" duration-ms="4853" started-at="2018-12-09T06:47:34Z" finished-at="2018-12-09T06:47:39Z">
          <params>
            <param index="0">
              <value>
                <![CDATA[chrome]]>
              </value>
            </param>
          </params>
          <reporter-output>
            <line>
              <![CDATA[Chrome Browser Launched]]>
            </line>
            <line>
              <![CDATA[Url loaded]]>
            </line>
          </reporter-output>
        </test-method> <!-- lauchingBrowser -->
        <test-method status="FAIL" signature="tc_4()[pri:0, instance:com.testscripts.TC_4@1e2adc7]" name="tc_4" duration-ms="11389" started-at="2018-12-09T06:47:39Z" finished-at="2018-12-09T06:47:50Z">
          <exception class="java.lang.AssertionError">
            <message>
              <![CDATA[expected [Username or Password is invalid. Please] but found [Username or Password is invalid. Please try again.]]]>
            </message>
            <full-stacktrace>
              <![CDATA[java.lang.AssertionError: expected [Username or Password is invalid. Please] but found [Username or Password is invalid. Please try again.]
at org.testng.Assert.fail(Assert.java:96)
at org.testng.Assert.failNotEquals(Assert.java:776)
at org.testng.Assert.assertEqualsImpl(Assert.java:137)
at org.testng.Assert.assertEquals(Assert.java:118)
at org.testng.Assert.assertEquals(Assert.java:453)
at org.testng.Assert.assertEquals(Assert.java:463)
at com.testscripts.TC_4.tc_4(TC_4.java:36)
at sun.reflect.NativeMethodAccessorImpl.invoke0(Native Method)
at sun.reflect.NativeMethodAccessorImpl.invoke(Unknown Source)
at sun.reflect.DelegatingMethodAccessorImpl.invoke(Unknown Source)
at java.lang.reflect.Method.invoke(Unknown Source)
at org.testng.internal.MethodInvocationHelper.invokeMethod(MethodInvocationHelper.java:124)
at org.testng.internal.Invoker.invokeMethod(Invoker.java:580)
at org.testng.internal.Invoker.invokeTestMethod(Invoker.java:716)
at org.testng.internal.Invoker.invokeTestMethods(Invoker.java:988)
at org.testng.internal.TestMethodWorker.invokeTestMethods(TestMethodWorker.java:125)
at org.testng.internal.TestMethodWorker.run(TestMethodWorker.java:109)
at org.testng.TestRunner.privateRun(TestRunner.java:648)
at org.testng.TestRunner.run(TestRunner.java:505)
at org.testng.SuiteRunner.runTest(SuiteRunner.java:455)
at org.testng.SuiteRunner.runSequentially(SuiteRunner.java:450)
at org.testng.SuiteRunner.privateRun(SuiteRunner.java:415)
at org.testng.SuiteRunner.run(SuiteRunner.java:364)
at org.testng.SuiteRunnerWorker.runSuite(SuiteRunnerWorker.java:52)
at org.testng.SuiteRunnerWorker.run(SuiteRunnerWorker.java:84)
at org.testng.TestNG.runSuitesSequentially(TestNG.java:1208)
at org.testng.TestNG.runSuitesLocally(TestNG.java:1137)
at org.testng.TestNG.runSuites(TestNG.java:1049)
at org.testng.TestNG.run(TestNG.java:1017)
at org.testng.remote.AbstractRemoteTestNG.run(AbstractRemoteTestNG.java:114)
at org.testng.remote.RemoteTestNG.initAndRun(RemoteTestNG.java:251)
at org.testng.remote.RemoteTestNG.main(RemoteTestNG.java:77)
]]>
            </full-stacktrace>
          </exception> <!-- java.lang.AssertionError -->
          <reporter-output>
          </reporter-output>
        </test-method> <!-- tc_4 -->
        <test-method status="PASS" signature="closingBrowser()[pri:0, instance:com.testscripts.TC_4@1e2adc7]" name="closingBrowser" is-config="true" duration-ms="867" started-at="2018-12-09T06:47:51Z" finished-at="2018-12-09T06:47:52Z">
          <reporter-output>
          </reporter-output>
        </test-method> <!-- closingBrowser -->
      </class> <!-- com.testscripts.TC_4 -->
    </test> <!-- Test -->
  </suite> <!-- Suite -->
</testng-results>
